make: Entering directory '/home/batyrhan/Рабочий стол/fastapi/fast-api-template/fast-api'
find . -name '*.pyc' -exec rm -rf {} \;
find . -name '__pycache__' -exec rm -rf {} \;
find . -name 'Thumbs.db' -exec rm -rf {} \;
find . -name '*~' -exec rm -rf {} \;
rm -rf .cache
rm -rf build
rm -rf dist
rm -rf *.egg-info
rm -rf htmlcov
rm -rf .tox/
rm -rf docs/_build
poetry run pytest tests -vv --show-capture=all
if [[ ! -e .env ]]; then \
	cp .env.example .env; \
fi
pip install --upgrade pip
pip install poetry
poetry install
PYTHONPATH=app/ poetry run python app/main.py
docker-compose build
docker-compose up -d
make easter
make[1]: Entering directory '/home/batyrhan/Рабочий стол/fastapi/fast-api-template/fast-api'
./egg.sh
make[1]: Leaving directory '/home/batyrhan/Рабочий стол/fastapi/fast-api-template/fast-api'
docker-compose down
./egg.sh
make: Leaving directory '/home/batyrhan/Рабочий стол/fastapi/fast-api-template/fast-api'
 
